# Push Log for witness_seed
# Generated by gitfield-sync

[2025-06-10T08:14:20Z] Local: , Branch=main, Commit=0f9f50c
  Diff Summary:
     .gitfield/local.sigil.md | 59 ++++++++++++++++++++++++++++++++++++++++++++++++
     1 file changed, 59 insertions(+)
[2025-06-10T08:14:44Z] Radicle: RID=rad:z3FEj7rF8gZw9eFksCuiN43qjzrex, Peer ID=z6Mkw5s3ppo26C7y7tGK5MD8n2GqTHS582PPpeX5Xqbu2Mpz, Branch=main, Commit=0f9f50c
  CLI: rad inspect rad:z3FEj7rF8gZw9eFksCuiN43qjzrex # View project details
  CLI: git ls-tree -r --name-only HEAD # View file structure
  Diff Summary:
     .gitfield/radicle.sigil.md | 67 ++++++++++++++++++++++++++++++++++++++++++++++
     1 file changed, 67 insertions(+)
[2025-06-10T08:17:17Z] Forgejo: https://remember.thefoldwithin.earth/mrhavens/witness_seed, Branch=main, Commit=0f9f50c
  Diff Summary:
     .gitfield/remember.sigil.md | 59 +++++++++++++++++++++++++++++++++++++++++++++
     1 file changed, 59 insertions(+)
[2025-06-10T08:19:12Z] Codeberg: https://codeberg.org/mrhavens/witness_seed, Branch=main, Commit=0f9f50c
  Diff Summary:
     .gitfield/codeberg.sigil.md | 59 +++++++++++++++++++++++++++++++++++++++++++++
     1 file changed, 59 insertions(+)
[2025-06-10T08:19:14Z] Gitea: https://gitea.com/mrhavens/witness_seed, Branch=main, Commit=0f9f50c
  Diff Summary:
     .gitfield/pushed.log | 4 ++++
     1 file changed, 4 insertions(+)
[2025-06-10T08:21:18Z] GitLab: https://gitlab.com/mrhavens/witness_seed, Branch=main, Commit=0f9f50c
  Diff Summary:
     .gitfield/gitlab.sigil.md | 59 +++++++++++++++++++++++++++++++++++++++++++++++
     1 file changed, 59 insertions(+)
[2025-06-10T08:21:38Z] Bitbucket: https://bitbucket.org/thefoldwithin/witness_seed, Branch=main, Commit=0f9f50c
  Diff Summary:
     .gitfield/bitbucket.sigil.md | 59 ++++++++++++++++++++++++++++++++++++++++++++
     1 file changed, 59 insertions(+)
[2025-06-10T08:22:06Z] GitHub: https://github.com/mrhavens/witness_seed, Branch=main, Commit=0f9f50c
  Diff Summary:
     .gitfield/github.sigil.md | 59 +++++++++++++++++++++++++++++++++++++++++++++++
     1 file changed, 59 insertions(+)
[2025-06-10T08:22:31Z] Local: , Branch=main, Commit=0f9f50c
  Diff Summary:
     .gitfield/local.sigil.md | 18 +++++++++---------
     1 file changed, 9 insertions(+), 9 deletions(-)
[2025-06-10T08:22:32Z] Radicle: RID=rad:z3FEj7rF8gZw9eFksCuiN43qjzrex, Peer ID=z6Mkw5s3ppo26C7y7tGK5MD8n2GqTHS582PPpeX5Xqbu2Mpz, Branch=main, Commit=0f9f50c
  CLI: rad inspect rad:z3FEj7rF8gZw9eFksCuiN43qjzrex # View project details
  CLI: git ls-tree -r --name-only HEAD # View file structure
  Diff Summary:
     .gitfield/radicle.sigil.md | 20 ++++++++++----------
     1 file changed, 10 insertions(+), 10 deletions(-)
[2025-06-10T08:22:44Z] Forgejo: https://remember.thefoldwithin.earth/mrhavens/witness_seed, Branch=main, Commit=0f9f50c
  Diff Summary:
     .gitfield/remember.sigil.md | 16 ++++++++--------
     1 file changed, 8 insertions(+), 8 deletions(-)
[2025-06-10T08:22:55Z] Codeberg: https://codeberg.org/mrhavens/witness_seed, Branch=main, Commit=0f9f50c
  Diff Summary:
     .gitfield/codeberg.sigil.md | 16 ++++++++--------
     1 file changed, 8 insertions(+), 8 deletions(-)
[2025-06-10T08:22:59Z] Gitea: https://gitea.com/mrhavens/witness_seed, Branch=main, Commit=0f9f50c
  Diff Summary:
     .gitfield/pushed.log | 4 ++++
     1 file changed, 4 insertions(+)
[2025-06-10T08:23:21Z] GitLab: https://gitlab.com/mrhavens/witness_seed, Branch=main, Commit=0f9f50c
  Diff Summary:
     .gitfield/gitlab.sigil.md | 16 ++++++++--------
     1 file changed, 8 insertions(+), 8 deletions(-)
[2025-06-10T08:23:37Z] Bitbucket: https://bitbucket.org/thefoldwithin/witness_seed, Branch=main, Commit=0f9f50c
  Diff Summary:
     .gitfield/bitbucket.sigil.md | 16 ++++++++--------
     1 file changed, 8 insertions(+), 8 deletions(-)
[2025-06-10T08:23:55Z] GitHub: https://github.com/mrhavens/witness_seed, Branch=main, Commit=0f9f50c
  Diff Summary:
     .gitfield/github.sigil.md | 16 ++++++++--------
     1 file changed, 8 insertions(+), 8 deletions(-)
[2025-06-10T08:24:20Z] Local: , Branch=main, Commit=0f9f50c
  Diff Summary:
     .gitfield/local.sigil.md | 14 +++++++-------
     1 file changed, 7 insertions(+), 7 deletions(-)
[2025-06-10T08:24:21Z] Radicle: RID=rad:z3FEj7rF8gZw9eFksCuiN43qjzrex, Peer ID=z6Mkw5s3ppo26C7y7tGK5MD8n2GqTHS582PPpeX5Xqbu2Mpz, Branch=main, Commit=0f9f50c
  CLI: rad inspect rad:z3FEj7rF8gZw9eFksCuiN43qjzrex # View project details
  CLI: git ls-tree -r --name-only HEAD # View file structure
  Diff Summary:
     .gitfield/radicle.sigil.md | 16 ++++++++--------
     1 file changed, 8 insertions(+), 8 deletions(-)
[2025-06-10T08:24:27Z] Forgejo: https://remember.thefoldwithin.earth/mrhavens/witness_seed, Branch=main, Commit=0f9f50c
  Diff Summary:
     .gitfield/remember.sigil.md | 14 +++++++-------
     1 file changed, 7 insertions(+), 7 deletions(-)
[2025-06-10T08:24:35Z] Codeberg: https://codeberg.org/mrhavens/witness_seed, Branch=main, Commit=0f9f50c
  Diff Summary:
     .gitfield/codeberg.sigil.md | 14 +++++++-------
     1 file changed, 7 insertions(+), 7 deletions(-)
[2025-06-10T08:24:38Z] Gitea: https://gitea.com/mrhavens/witness_seed, Branch=main, Commit=0f9f50c
  Diff Summary:
     .gitfield/pushed.log | 4 ++++
     1 file changed, 4 insertions(+)
